[debug] [2021-04-14T13:00:37.299Z] ----------------------------------------------------------------------
[debug] [2021-04-14T13:00:37.301Z] Command:       C:\Program Files\nodejs\node.exe C:\Users\admin\AppData\Roaming\npm\node_modules\firebase-tools\lib\bin\firebase.js deploy
[debug] [2021-04-14T13:00:37.301Z] CLI Version:   9.9.0
[debug] [2021-04-14T13:00:37.302Z] Platform:      win32
[debug] [2021-04-14T13:00:37.302Z] Node Version:  v14.13.1
[debug] [2021-04-14T13:00:37.303Z] Time:          Wed Apr 14 2021 16:00:37 GMT+0300 (Arabian Standard Time)
[debug] [2021-04-14T13:00:37.303Z] ----------------------------------------------------------------------
[debug] 
[debug] [2021-04-14T13:00:37.306Z] >>> [apiv2][query] GET https://firebase-public.firebaseio.com/cli.json [none]
[debug] [2021-04-14T13:00:37.339Z] > command requires scopes: ["email","openid","https://www.googleapis.com/auth/cloudplatformprojects.readonly","https://www.googleapis.com/auth/firebase","https://www.googleapis.com/auth/cloud-platform"]
[debug] [2021-04-14T13:00:37.339Z] > authorizing via signed-in user (dawam.hekma.mc.ye@gmail.com)
[debug] [2021-04-14T13:00:37.340Z] [iam] checking project dawam-cd62b for permissions ["firebase.projects.get","firebasehosting.sites.update"]
[debug] [2021-04-14T13:00:37.341Z] > refreshing access token with scopes: ["email","https://www.googleapis.com/auth/cloud-platform","https://www.googleapis.com/auth/cloudplatformprojects.readonly","https://www.googleapis.com/auth/firebase","openid"]
[debug] [2021-04-14T13:00:37.342Z] >>> HTTP REQUEST POST https://www.googleapis.com/oauth2/v3/token  
 <request body omitted>
[debug] [2021-04-14T13:00:38.122Z] <<< HTTP RESPONSE 200 {"date":"Wed, 14 Apr 2021 13:00:37 GMT","pragma":"no-cache","cache-control":"no-cache, no-store, max-age=0, must-revalidate","expires":"Mon, 01 Jan 1990 00:00:00 GMT","content-type":"application/json; charset=utf-8","vary":"X-Origin, Referer, Origin,Accept-Encoding","server":"scaffolding on HTTPServer2","x-xss-protection":"0","x-frame-options":"SAMEORIGIN","x-content-type-options":"nosniff","alt-svc":"h3-29=\":443\"; ma=2592000,h3-T051=\":443\"; ma=2592000,h3-Q050=\":443\"; ma=2592000,h3-Q046=\":443\"; ma=2592000,h3-Q043=\":443\"; ma=2592000,quic=\":443\"; ma=2592000; v=\"46,43\"","accept-ranges":"none","transfer-encoding":"chunked"}
[debug] [2021-04-14T13:00:38.144Z] >>> HTTP REQUEST POST https://cloudresourcemanager.googleapis.com/v1/projects/dawam-cd62b:testIamPermissions  
 {"permissions":["firebase.projects.get","firebasehosting.sites.update"]}
[debug] [2021-04-14T13:00:48.157Z] [iam] error while checking permissions, command may fail: FirebaseError: Server Error. getaddrinfo EAI_AGAIN cloudresourcemanager.googleapis.com
[debug] [2021-04-14T13:00:48.159Z] > refreshing access token with scopes: []
[debug] [2021-04-14T13:00:48.160Z] >>> HTTP REQUEST POST https://www.googleapis.com/oauth2/v3/token  
 <request body omitted>
[debug] [2021-04-14T13:00:48.782Z] <<< HTTP RESPONSE 200 {"cache-control":"no-cache, no-store, max-age=0, must-revalidate","date":"Wed, 14 Apr 2021 13:00:48 GMT","expires":"Mon, 01 Jan 1990 00:00:00 GMT","pragma":"no-cache","content-type":"application/json; charset=utf-8","vary":"X-Origin, Referer, Origin,Accept-Encoding","server":"scaffolding on HTTPServer2","x-xss-protection":"0","x-frame-options":"SAMEORIGIN","x-content-type-options":"nosniff","alt-svc":"h3-29=\":443\"; ma=2592000,h3-T051=\":443\"; ma=2592000,h3-Q050=\":443\"; ma=2592000,h3-Q046=\":443\"; ma=2592000,h3-Q043=\":443\"; ma=2592000,quic=\":443\"; ma=2592000; v=\"46,43\"","accept-ranges":"none","transfer-encoding":"chunked"}
[debug] [2021-04-14T13:00:48.812Z] >>> [apiv2][query] GET https://firebase.googleapis.com/v1beta1/projects/dawam-cd62b [none]
[debug] [2021-04-14T13:00:49.786Z] <<< [apiv2][status] GET https://firebase.googleapis.com/v1beta1/projects/dawam-cd62b 200
[debug] [2021-04-14T13:00:49.786Z] <<< [apiv2][body] GET https://firebase.googleapis.com/v1beta1/projects/dawam-cd62b {"projectId":"dawam-cd62b","projectNumber":"657847978617","displayName":"dawam","name":"projects/dawam-cd62b","resources":{"hostingSite":"dawam-cd62b","realtimeDatabaseInstance":"dawam-cd62b-default-rtdb","storageBucket":"dawam-cd62b.appspot.com","locationId":"us-central"},"state":"ACTIVE"}
[info] 
[info] === Deploying to 'dawam-cd62b'...
[info] 
[info] i  deploying hosting 
[debug] [2021-04-14T13:00:49.791Z] > refreshing access token with scopes: ["email","https://www.googleapis.com/auth/cloud-platform","https://www.googleapis.com/auth/cloudplatformprojects.readonly","https://www.googleapis.com/auth/firebase","openid"]
[debug] [2021-04-14T13:00:49.791Z] >>> HTTP REQUEST POST https://www.googleapis.com/oauth2/v3/token  
 <request body omitted>
[debug] [2021-04-14T13:00:51.035Z] <<< HTTP RESPONSE 200 {"pragma":"no-cache","date":"Wed, 14 Apr 2021 13:00:50 GMT","cache-control":"no-cache, no-store, max-age=0, must-revalidate","expires":"Mon, 01 Jan 1990 00:00:00 GMT","content-type":"application/json; charset=utf-8","vary":"X-Origin, Referer, Origin,Accept-Encoding","server":"scaffolding on HTTPServer2","x-xss-protection":"0","x-frame-options":"SAMEORIGIN","x-content-type-options":"nosniff","alt-svc":"h3-29=\":443\"; ma=2592000,h3-T051=\":443\"; ma=2592000,h3-Q050=\":443\"; ma=2592000,h3-Q046=\":443\"; ma=2592000,h3-Q043=\":443\"; ma=2592000,quic=\":443\"; ma=2592000; v=\"46,43\"","accept-ranges":"none","transfer-encoding":"chunked"}
[debug] [2021-04-14T13:00:51.046Z] >>> HTTP REQUEST POST https://firebasehosting.googleapis.com/v1beta1/sites/dawam-cd62b/versions  
 {"config":{},"labels":{"deployment-tool":"cli-firebase"}}
[debug] [2021-04-14T13:03:29.036Z] Error: read ECONNRESET
    at TLSWrap.onStreamRead (internal/stream_base_commons.js:209:20)
[error] 
[error] Error: Server Error. read ECONNRESET
[debug] [2021-04-14T13:03:49.336Z] ----------------------------------------------------------------------
[debug] [2021-04-14T13:03:49.338Z] Command:       C:\Program Files\nodejs\node.exe C:\Users\admin\AppData\Roaming\npm\node_modules\firebase-tools\lib\bin\firebase.js deploy
[debug] [2021-04-14T13:03:49.339Z] CLI Version:   9.9.0
[debug] [2021-04-14T13:03:49.339Z] Platform:      win32
[debug] [2021-04-14T13:03:49.339Z] Node Version:  v14.13.1
[debug] [2021-04-14T13:03:49.341Z] Time:          Wed Apr 14 2021 16:03:49 GMT+0300 (Arabian Standard Time)
[debug] [2021-04-14T13:03:49.341Z] ----------------------------------------------------------------------
[debug] 
[debug] [2021-04-14T13:03:49.344Z] >>> [apiv2][query] GET https://firebase-public.firebaseio.com/cli.json [none]
[debug] [2021-04-14T13:03:49.377Z] > command requires scopes: ["email","openid","https://www.googleapis.com/auth/cloudplatformprojects.readonly","https://www.googleapis.com/auth/firebase","https://www.googleapis.com/auth/cloud-platform"]
[debug] [2021-04-14T13:03:49.377Z] > authorizing via signed-in user (dawam.hekma.mc.ye@gmail.com)
[debug] [2021-04-14T13:03:49.377Z] [iam] checking project dawam-cd62b for permissions ["firebase.projects.get","firebasehosting.sites.update"]
[debug] [2021-04-14T13:03:49.379Z] >>> HTTP REQUEST POST https://cloudresourcemanager.googleapis.com/v1/projects/dawam-cd62b:testIamPermissions  
 {"permissions":["firebase.projects.get","firebasehosting.sites.update"]}
[debug] [2021-04-14T13:03:51.802Z] <<< HTTP RESPONSE 200 {"content-type":"application/json; charset=UTF-8","vary":"X-Origin, Referer, Origin,Accept-Encoding","date":"Wed, 14 Apr 2021 13:03:51 GMT","server":"ESF","cache-control":"private","x-xss-protection":"0","x-frame-options":"SAMEORIGIN","x-content-type-options":"nosniff","server-timing":"gfet4t7; dur=1290","alt-svc":"h3-29=\":443\"; ma=2592000,h3-T051=\":443\"; ma=2592000,h3-Q050=\":443\"; ma=2592000,h3-Q046=\":443\"; ma=2592000,h3-Q043=\":443\"; ma=2592000,quic=\":443\"; ma=2592000; v=\"46,43\"","accept-ranges":"none","transfer-encoding":"chunked"}
[debug] [2021-04-14T13:03:51.805Z] > refreshing access token with scopes: []
[debug] [2021-04-14T13:03:51.806Z] >>> HTTP REQUEST POST https://www.googleapis.com/oauth2/v3/token  
 <request body omitted>
[debug] [2021-04-14T13:03:52.549Z] <<< HTTP RESPONSE 200 {"date":"Wed, 14 Apr 2021 13:03:52 GMT","pragma":"no-cache","expires":"Mon, 01 Jan 1990 00:00:00 GMT","cache-control":"no-cache, no-store, max-age=0, must-revalidate","content-type":"application/json; charset=utf-8","vary":"X-Origin, Referer, Origin,Accept-Encoding","server":"scaffolding on HTTPServer2","x-xss-protection":"0","x-frame-options":"SAMEORIGIN","x-content-type-options":"nosniff","alt-svc":"h3-29=\":443\"; ma=2592000,h3-T051=\":443\"; ma=2592000,h3-Q050=\":443\"; ma=2592000,h3-Q046=\":443\"; ma=2592000,h3-Q043=\":443\"; ma=2592000,quic=\":443\"; ma=2592000; v=\"46,43\"","accept-ranges":"none","transfer-encoding":"chunked"}
[debug] [2021-04-14T13:03:52.566Z] >>> [apiv2][query] GET https://firebase.googleapis.com/v1beta1/projects/dawam-cd62b [none]
[debug] [2021-04-14T13:03:53.264Z] <<< [apiv2][status] GET https://firebase.googleapis.com/v1beta1/projects/dawam-cd62b 200
[debug] [2021-04-14T13:03:53.264Z] <<< [apiv2][body] GET https://firebase.googleapis.com/v1beta1/projects/dawam-cd62b {"projectId":"dawam-cd62b","projectNumber":"657847978617","displayName":"dawam","name":"projects/dawam-cd62b","resources":{"hostingSite":"dawam-cd62b","realtimeDatabaseInstance":"dawam-cd62b-default-rtdb","storageBucket":"dawam-cd62b.appspot.com","locationId":"us-central"},"state":"ACTIVE"}
[info] 
[info] === Deploying to 'dawam-cd62b'...
[info] 
[info] i  deploying hosting 
[debug] [2021-04-14T13:03:53.268Z] > refreshing access token with scopes: ["email","https://www.googleapis.com/auth/cloud-platform","https://www.googleapis.com/auth/cloudplatformprojects.readonly","https://www.googleapis.com/auth/firebase","openid"]
[debug] [2021-04-14T13:03:53.268Z] >>> HTTP REQUEST POST https://www.googleapis.com/oauth2/v3/token  
 <request body omitted>
[debug] [2021-04-14T13:03:53.877Z] <<< HTTP RESPONSE 200 {"pragma":"no-cache","expires":"Mon, 01 Jan 1990 00:00:00 GMT","cache-control":"no-cache, no-store, max-age=0, must-revalidate","date":"Wed, 14 Apr 2021 13:03:53 GMT","content-type":"application/json; charset=utf-8","vary":"X-Origin, Referer, Origin,Accept-Encoding","server":"scaffolding on HTTPServer2","x-xss-protection":"0","x-frame-options":"SAMEORIGIN","x-content-type-options":"nosniff","alt-svc":"h3-29=\":443\"; ma=2592000,h3-T051=\":443\"; ma=2592000,h3-Q050=\":443\"; ma=2592000,h3-Q046=\":443\"; ma=2592000,h3-Q043=\":443\"; ma=2592000,quic=\":443\"; ma=2592000; v=\"46,43\"","accept-ranges":"none","transfer-encoding":"chunked"}
[debug] [2021-04-14T13:03:53.909Z] >>> HTTP REQUEST POST https://firebasehosting.googleapis.com/v1beta1/sites/dawam-cd62b/versions  
 {"config":{},"labels":{"deployment-tool":"cli-firebase"}}
[debug] [2021-04-14T13:03:56.487Z] <<< HTTP RESPONSE 200 {"content-type":"application/json; charset=UTF-8","vary":"X-Origin, Referer, Origin,Accept-Encoding","date":"Wed, 14 Apr 2021 13:03:56 GMT","server":"ESF","cache-control":"private","x-xss-protection":"0","x-frame-options":"SAMEORIGIN","x-content-type-options":"nosniff","alt-svc":"h3-29=\":443\"; ma=2592000,h3-T051=\":443\"; ma=2592000,h3-Q050=\":443\"; ma=2592000,h3-Q046=\":443\"; ma=2592000,h3-Q043=\":443\"; ma=2592000,quic=\":443\"; ma=2592000; v=\"46,43\"","accept-ranges":"none","transfer-encoding":"chunked"}
[info] i  hosting[dawam-cd62b]: beginning deploy... 
[info] i  hosting[dawam-cd62b]: found 22 files in build 
[debug] [2021-04-14T13:03:56.543Z] > refreshing access token with scopes: []
[debug] [2021-04-14T13:03:56.543Z] >>> HTTP REQUEST POST https://www.googleapis.com/oauth2/v3/token  
 <request body omitted>
[debug] [2021-04-14T13:03:56.544Z] [hosting] hash cache [YnVpbGQ] stored for 22 files
[debug] [2021-04-14T13:03:56.545Z] [hosting][hash queue][FINAL] {"max":1,"min":0,"avg":1,"active":0,"complete":22,"success":22,"errored":0,"retried":0,"total":22,"elapsed":5}
[debug] [2021-04-14T13:03:57.142Z] <<< HTTP RESPONSE 200 {"expires":"Mon, 01 Jan 1990 00:00:00 GMT","pragma":"no-cache","date":"Wed, 14 Apr 2021 13:03:57 GMT","cache-control":"no-cache, no-store, max-age=0, must-revalidate","content-type":"application/json; charset=utf-8","vary":"X-Origin, Referer, Origin,Accept-Encoding","server":"scaffolding on HTTPServer2","x-xss-protection":"0","x-frame-options":"SAMEORIGIN","x-content-type-options":"nosniff","alt-svc":"h3-29=\":443\"; ma=2592000,h3-T051=\":443\"; ma=2592000,h3-Q050=\":443\"; ma=2592000,h3-Q046=\":443\"; ma=2592000,h3-Q043=\":443\"; ma=2592000,quic=\":443\"; ma=2592000; v=\"46,43\"","accept-ranges":"none","transfer-encoding":"chunked"}
[debug] [2021-04-14T13:03:57.172Z] >>> [apiv2][query] POST https://firebasehosting.googleapis.com/v1beta1/sites/dawam-cd62b/versions/965443135f7d8873:populateFiles [none]
[debug] [2021-04-14T13:03:57.172Z] >>> [apiv2][body] POST https://firebasehosting.googleapis.com/v1beta1/sites/dawam-cd62b/versions/965443135f7d8873:populateFiles {"files":{"/404.html":"daa499dd96d8229e73235345702ba32f0793f0c8e5c0d30e40e37a5872be57aa","/asset-manifest.json":"00669a2f53309335df1c6ba8f6214ca7641ffa63009bce6f2a11ea34513e87d5","/favicon.ico":"eae62e993eb980ec8a25058c39d5a51feab118bd2100c4deebb2a9c158ec11f9","/index.html":"a846b06eb1758d1b674d873adbcd3ab667149e034d79e27d282ee7dac27ea3c6","/logo192.png":"3ee59515172ee198f3be375979df15ac5345183e656720a381b8872b2a39dc8b","/logo512.png":"ee7e2f3fdb8209c4b6fd7bef6ba50d1b9dba30a25bb5c3126df057e1cb6f5331","/manifest.json":"aff3449bdc238776f5d6d967f19ec491b36aed5fb7f23ccff6500736fd58494a","/robots.txt":"bfe106a3fb878dc83461c86818bf74fc1bdc7f28538ba613cd3e775516ce8b49","/static/css/2.015dc0ab.chunk.css":"a7df4c86df91d0725fe47d6479edab1a8aee04432929cd2cef26b5197f018896","/static/css/2.015dc0ab.chunk.css.map":"0a374a164d993bea48f9a47ba6b6bd12782ecc090493ac65a492baedf028e6fb","/static/css/main.98611906.chunk.css":"c3d40617f5260ab2d482f0b28913358667a6ac78d3647bb0fbcc8da8d3a0d59a","/static/css/main.98611906.chunk.css.map":"295fb7b668b6de5ca1455fa1a51732fbc978e15bf965de64d71486552c7abd02","/static/js/2.2cfaab2f.chunk.js":"d208dac677ee3d855c9097ded06a4e09f695d949a450ea508d9a675e65fddbb4","/static/js/2.2cfaab2f.chunk.js.LICENSE.txt":"2b85024ae72ff97873c3242214dd515fe932a550f99d30580bc093f4e86e330d","/static/js/2.2cfaab2f.chunk.js.map":"88f9170755e9c1b8559c7f4507e28c8af18ffb65f480eb275e21a0bf11ae80f1","/static/js/3.ecbee294.chunk.js":"74edb80dd61c0918bad6c2bd28ab717d12b3c0bbae734d5d15e955bc1017e675","/static/js/3.ecbee294.chunk.js.map":"be26adb6affe5db00baf5c91f97b9cefba6303d6daea53cfc2b4a8af0c112050","/static/js/main.2f6748a0.chunk.js":"f40a35623d636819529d24f1409ea34a34e0a620a3b20ca222ee6cce143885cc","/static/js/main.2f6748a0.chunk.js.map":"1c5f44af3096ab149cb764f07665361e957203a690374810346e4c16a4737aa9","/static/js/runtime-main.ed720461.js":"d45bb8aab43bafa5ab5ea335d40d5ee281f7f19e7fb97940301834d42f7b7dca","/static/js/runtime-main.ed720461.js.map":"88395585d6a8a5f239eac3043d793c5673515638cffe18c7393c017d95a332df","/static/media/alfont_com_Janna-LT-Bold.979ee04b.ttf":"8ea3a31c5fedf92641e6d27e7c59e99d229e5886764adb1d6cd3d87a9031e27a"}}
[debug] [2021-04-14T13:03:59.200Z] <<< [apiv2][status] POST https://firebasehosting.googleapis.com/v1beta1/sites/dawam-cd62b/versions/965443135f7d8873:populateFiles 200
[debug] [2021-04-14T13:03:59.200Z] <<< [apiv2][body] POST https://firebasehosting.googleapis.com/v1beta1/sites/dawam-cd62b/versions/965443135f7d8873:populateFiles {"uploadUrl":"https://upload-firebasehosting.googleapis.com/upload/sites/dawam-cd62b/versions/965443135f7d8873/files"}
[debug] [2021-04-14T13:03:59.200Z] [hosting][populate queue][FINAL] {"max":2657,"min":2657,"avg":2657,"active":0,"complete":1,"success":1,"errored":0,"retried":0,"total":1,"elapsed":2657}
[debug] [2021-04-14T13:03:59.201Z] [hosting] uploads queued: 0
[debug] [2021-04-14T13:03:59.201Z] [hosting][upload queue][FINAL] {"max":0,"min":9999999999,"avg":0,"active":0,"complete":0,"success":0,"errored":0,"retried":0,"total":0,"elapsed":1618405439201}
[info] +  hosting[dawam-cd62b]: file upload complete 
[debug] [2021-04-14T13:03:59.202Z] [hosting] deploy completed after 2713ms
[debug] [2021-04-14T13:03:59.792Z] [
  {
    "config": {
      "public": "build",
      "ignore": [
        "firebase.json",
        "**/.*",
        "**/node_modules/**"
      ],
      "site": "dawam-cd62b"
    },
    "site": "dawam-cd62b",
    "version": "sites/dawam-cd62b/versions/965443135f7d8873"
  }
]
[info] i  hosting[dawam-cd62b]: finalizing version... 
[debug] [2021-04-14T13:03:59.793Z] > refreshing access token with scopes: ["email","https://www.googleapis.com/auth/cloud-platform","https://www.googleapis.com/auth/cloudplatformprojects.readonly","https://www.googleapis.com/auth/firebase","openid"]
[debug] [2021-04-14T13:03:59.793Z] >>> HTTP REQUEST POST https://www.googleapis.com/oauth2/v3/token  
 <request body omitted>
[debug] [2021-04-14T13:04:00.515Z] <<< HTTP RESPONSE 200 {"cache-control":"no-cache, no-store, max-age=0, must-revalidate","date":"Wed, 14 Apr 2021 13:04:00 GMT","expires":"Mon, 01 Jan 1990 00:00:00 GMT","pragma":"no-cache","content-type":"application/json; charset=utf-8","vary":"X-Origin, Referer, Origin,Accept-Encoding","server":"scaffolding on HTTPServer2","x-xss-protection":"0","x-frame-options":"SAMEORIGIN","x-content-type-options":"nosniff","alt-svc":"h3-29=\":443\"; ma=2592000,h3-T051=\":443\"; ma=2592000,h3-Q050=\":443\"; ma=2592000,h3-Q046=\":443\"; ma=2592000,h3-Q043=\":443\"; ma=2592000,quic=\":443\"; ma=2592000; v=\"46,43\"","accept-ranges":"none","transfer-encoding":"chunked"}
[debug] [2021-04-14T13:04:00.536Z] >>> HTTP REQUEST PATCH https://firebasehosting.googleapis.com/v1beta1/sites/dawam-cd62b/versions/965443135f7d8873?updateMask=status  
 {"status":"FINALIZED"}
[debug] [2021-04-14T13:04:24.977Z] Error: read ECONNRESET
    at TLSWrap.onStreamRead (internal/stream_base_commons.js:209:20)
[error] 
[error] Error: Server Error. read ECONNRESET
